<?xml version="1.0" encoding="UTF-8"?>
<testsuite xmlns:xsi="http://www.w3.org/2001/XMLSchema-instance" xsi:noNamespaceSchemaLocation="https://maven.apache.org/surefire/maven-surefire-plugin/xsd/surefire-test-report-3.0.xsd" version="3.0" name="com.example.PostServiceTest" time="1.717" tests="2" errors="0" skipped="0" failures="0">
  <properties>
[...]
</properties>
  <testcase name="testCreatePost_UserNotFound_ShouldThrow" classname="com.example.PostServiceTest" time="1.603"/>
  <testcase name="testCreatePost_Success" classname="com.example.PostServiceTest" time="0.089"/>
</testsuite>